<?xml version="1.0" encoding="UTF-8"?>
<!-- Generated by org.testng.reporters.JUnitXMLReporter -->
<testsuite ignored="2" hostname="Manikandan" failures="0" tests="4" name="Test" time="1.302" errors="0" timestamp="2023-03-07T18:27:46 IST">
  <testcase classname="com.Mani_Maven_Project.Amazon.Testng" name="searchMobile1" time="0.016"/>
  <testcase classname="com.Mani_Maven_Project.Amazon.Testng" name="searchLaptop2" time="1.017"/>
  <testcase classname="com.Mani_Maven_Project.Amazon.Testng" name="searchLaptop3" time="0.015"/>
  <testcase classname="com.Mani_Maven_Project.Amazon.Testng" name="searchLaptop4" time="0.008"/>
  <testcase classname="com.Mani_Maven_Project.Amazon.Testng" name="searchLaptop5" time="0.0">
    <ignored/>
  </testcase> <!-- searchLaptop5 -->
  <testcase classname="com.Mani_Maven_Project.Amazon.Testng" name="searchLaptop6" time="0.0">
    <ignored/>
  </testcase> <!-- searchLaptop6 -->
</testsuite> <!-- Test -->
